<?xml version="1.0" encoding="UTF-8"?>
<!-- Generated by org.testng.reporters.JUnitXMLReporter -->
<testsuite ignored="0" hostname="LAPTOP-0E4SUFBQ" failures="0" tests="3" name="Test" time="3.785" errors="0" timestamp="2023-05-07T20:54:53 EDT">
  <testcase classname="TestCases.LoginTestCase" name="login" time="0.356"/>
  <testcase classname="TestCases.LoginTestCase" name="verifyLogo" time="0.06"/>
  <testcase classname="TestCases.LoginTestCase" name="verifyTile" time="0.01"/>
</testsuite> <!-- Test -->
